log4j:WARN No such property [maxFileSize] in org.apache.log4j.DailyRollingFileAppender.
log4j:WARN No such property [maxFileSize] in org.apache.log4j.DailyRollingFileAppender.
Inpatients proportion
24.83816185353747110100
Inpatients proportion
24.83816185353747110100
Inpatients proportion
24.83816185353747110100
Inpatients proportion
24.83816185353747110100
Inpatients proportion
24.83816185353747110100
Inpatients proportion
24.83816185353747110100
Inpatients proportion
24.83816185353747110100
Inpatients proportion
24.83816185353747110100
Inpatients proportion
24.83816185353747110100
Inpatients proportion
24.83816185353747110100
log4j:WARN No such property [maxFileSize] in org.apache.log4j.DailyRollingFileAppender.
log4j:WARN No such property [maxFileSize] in org.apache.log4j.DailyRollingFileAppender.
Outpatients proportion
75.16183814646252889800
Outpatients proportion
75.16183814646252889800
Outpatients proportion
75.16183814646252889800
Outpatients proportion
75.16183814646252889800
Outpatients proportion
75.16183814646252889800
Outpatients proportion
75.16183814646252889800
Outpatients proportion
75.16183814646252889800
Outpatients proportion
75.16183814646252889800
Outpatients proportion
75.16183814646252889800
Outpatients proportion
75.16183814646252889800
log4j:WARN No such property [maxFileSize] in org.apache.log4j.DailyRollingFileAppender.

Logging initialized using configuration in file:/etc/hive/2.6.4.0-91/0/hive-log4j.properties
OK
Time taken: 2.709 seconds
Query ID = jocamp18_20180508215035_d19876e8-3404-4b2e-bf37-0cab3ec118d3
Total jobs = 1
Launching Job 1 out of 1
Status: Running (Executing on YARN cluster with App id application_1525458212309_0728)

OK
Time taken: 20.628 seconds, Fetched: 10 row(s)
V7612	899374
V3000	227216
V7651	162563
78900	134323
V3001	125385
78650	120846
7840	116996
78659	111364
36616	108938
41401	98306
V7612	899374
V3000	227216
V7651	162563
78900	134323
V3001	125385
78650	120846
7840	116996
78659	111364
36616	108938
41401	98306
V7612	899374
V3000	227216
V7651	162563
78900	134323
V3001	125385
78650	120846
7840	116996
78659	111364
36616	108938
41401	98306
V7612	899374
V3000	227216
V7651	162563
78900	134323
V3001	125385
78650	120846
7840	116996
78659	111364
36616	108938
41401	98306
V7612	899374
V3000	227216
V7651	162563
78900	134323
V3001	125385
78650	120846
7840	116996
78659	111364
36616	108938
41401	98306
V7612	899374
V3000	227216
V7651	162563
78900	134323
V3001	125385
78650	120846
7840	116996
78659	111364
36616	108938
41401	98306
V7612	899374
V3000	227216
V7651	162563
78900	134323
V3001	125385
78650	120846
7840	116996
78659	111364
36616	108938
41401	98306
V7612	899374
V3000	227216
V7651	162563
78900	134323
V3001	125385
78650	120846
7840	116996
78659	111364
36616	108938
41401	98306
V7612	899374
V3000	227216
V7651	162563
78900	134323
V3001	125385
78650	120846
7840	116996
78659	111364
36616	108938
41401	98306
V7612	899374
V3000	227216
V7651	162563
78900	134323
V3001	125385
78650	120846
7840	116996
78659	111364
36616	108938
41401	98306
log4j:WARN No such property [maxFileSize] in org.apache.log4j.DailyRollingFileAppender.
log4j:WARN No such property [maxFileSize] in org.apache.log4j.DailyRollingFileAppender.
log4j:WARN No such property [maxFileSize] in org.apache.log4j.DailyRollingFileAppender.
log4j:WARN No such property [maxFileSize] in org.apache.log4j.DailyRollingFileAppender.
Male proportion:  36.82898369072604370000
Female proportion:  63.17101630927395629900
Male proportion:  36.82898369072604370000
Female proportion:  63.17101630927395629900
Male proportion:  36.82898369072604370000
Female proportion:  63.17101630927395629900
Male proportion:  36.82898369072604370000
Female proportion:  63.17101630927395629900
Male proportion:  36.82898369072604370000
Female proportion:  63.17101630927395629900
Male proportion:  36.82898369072604370000
Female proportion:  63.17101630927395629900
Male proportion:  36.82898369072604370000
Female proportion:  63.17101630927395629900
Male proportion:  36.82898369072604370000
Female proportion:  63.17101630927395629900
Male proportion:  36.82898369072604370000
Female proportion:  63.17101630927395629900
Male proportion:  36.82898369072604370000
Female proportion:  63.17101630927395629900
log4j:WARN No such property [maxFileSize] in org.apache.log4j.DailyRollingFileAppender.
log4j:WARN No such property [maxFileSize] in org.apache.log4j.DailyRollingFileAppender.
3169687   5617146
8786833
Outpatients male proportion:  36.07314489759848628000
Outpatients female proportion:  63.92685510240151371900
3169687   5617146
8786833
Outpatients male proportion:  36.07314489759848628000
Outpatients female proportion:  63.92685510240151371900
3169687   5617146
8786833
Outpatients male proportion:  36.07314489759848628000
Outpatients female proportion:  63.92685510240151371900
3169687   5617146
8786833
Outpatients male proportion:  36.07314489759848628000
Outpatients female proportion:  63.92685510240151371900
3169687   5617146
8786833
Outpatients male proportion:  36.07314489759848628000
Outpatients female proportion:  63.92685510240151371900
3169687   5617146
8786833
Outpatients male proportion:  36.07314489759848628000
Outpatients female proportion:  63.92685510240151371900
3169687   5617146
8786833
Outpatients male proportion:  36.07314489759848628000
Outpatients female proportion:  63.92685510240151371900
3169687   5617146
8786833
Outpatients male proportion:  36.07314489759848628000
Outpatients female proportion:  63.92685510240151371900
3169687   5617146
8786833
Outpatients male proportion:  36.07314489759848628000
Outpatients female proportion:  63.92685510240151371900
3169687   5617146
8786833
Outpatients male proportion:  36.07314489759848628000
Outpatients female proportion:  63.92685510240151371900
log4j:WARN No such property [maxFileSize] in org.apache.log4j.DailyRollingFileAppender.

Logging initialized using configuration in file:/etc/hive/2.6.4.0-91/0/hive-log4j.properties
OK
Time taken: 2.595 seconds
Query ID = jocamp18_20180508223230_308346c8-62af-40ab-86ad-fa646b835353
Total jobs = 1
Launching Job 1 out of 1
Status: Running (Executing on YARN cluster with App id application_1525458212309_0805)

OK
Time taken: 19.79 seconds, Fetched: 10 row(s)
201	1651672
113	939150
439	694932
029	662052
453	414666
	363240
085	326415
215	321926
141	315050
027	245063
201	1651672
113	939150
439	694932
029	662052
453	414666
	363240
085	326415
215	321926
141	315050
027	245063
201	1651672
113	939150
439	694932
029	662052
453	414666
	363240
085	326415
215	321926
141	315050
027	245063
201	1651672
113	939150
439	694932
029	662052
453	414666
	363240
085	326415
215	321926
141	315050
027	245063
201	1651672
113	939150
439	694932
029	662052
453	414666
	363240
085	326415
215	321926
141	315050
027	245063
201	1651672
113	939150
439	694932
029	662052
453	414666
	363240
085	326415
215	321926
141	315050
027	245063
201	1651672
113	939150
439	694932
029	662052
453	414666
	363240
085	326415
215	321926
141	315050
027	245063
201	1651672
113	939150
439	694932
029	662052
453	414666
	363240
085	326415
215	321926
141	315050
027	245063
201	1651672
113	939150
439	694932
029	662052
453	414666
	363240
085	326415
215	321926
141	315050
027	245063
201	1651672
113	939150
439	694932
029	662052
453	414666
	363240
085	326415
215	321926
141	315050
027	245063
